<?xml version="1.0" encoding="UTF-8"?>
<!-- Generated by org.testng.reporters.JUnitReportReporter -->
<testsuite skipped="0" hostname="Pavilion" name="HotelBookingTest" tests="1" failures="0" timestamp="17 May 2018 07:07:35 GMT" time="51.410" errors="0">
  <testcase name="shouldBeAbleToSearchForHotels" time="51.410" classname="HotelBookingTest"/>
</testsuite> <!-- HotelBookingTest -->
